1484005655740	geckodriver	INFO	Listening on 127.0.0.1:58087
1484005657763	mozprofile::profile	INFO	Using profile path C:\Users\Nikhil\AppData\Local\Temp\rust_mozprofile.CAbfS0JJ3oDQ
1484005657778	geckodriver::marionette	INFO	Starting browser C:\Program Files (x86)\Mozilla Firefox\Firefox.exe
1484005657825	geckodriver::marionette	INFO	Connecting to Marionette on localhost:58093
1484005660521	Marionette	INFO	Listening on port 58093
[Child 9376] WARNING: pipe error: 109: file c:/builds/moz2_slave/m-rel-w32-00000000000000000000/build/src/ipc/chromium/src/chrome/common/ipc_channel_win.cc, line 346
1484005691076	geckodriver	INFO	Listening on 127.0.0.1:58114
1484005693106	mozprofile::profile	INFO	Using profile path C:\Users\Nikhil\AppData\Local\Temp\rust_mozprofile.wc3YHwJ6N0sQ
1484005693122	geckodriver::marionette	INFO	Starting browser C:\Program Files (x86)\Mozilla Firefox\Firefox.exe
1484005693168	geckodriver::marionette	INFO	Connecting to Marionette on localhost:58120
1484005695599	Marionette	INFO	Listening on port 58120
1484007101052	geckodriver	INFO	Listening on 127.0.0.1:58263
1484007103075	mozprofile::profile	INFO	Using profile path C:\Users\Nikhil\AppData\Local\Temp\rust_mozprofile.BPBI1jY6u4wW
1484007103091	geckodriver::marionette	INFO	Starting browser C:\Program Files (x86)\Mozilla Firefox\Firefox.exe
1484007103153	geckodriver::marionette	INFO	Connecting to Marionette on localhost:58269
1484007106042	Marionette	INFO	Listening on port 58269
[Child 8224] WARNING: pipe error: 109: file c:/builds/moz2_slave/m-rel-w32-00000000000000000000/build/src/ipc/chromium/src/chrome/common/ipc_channel_win.cc, line 346
1484007924090	geckodriver	INFO	Listening on 127.0.0.1:58396
1484007926138	mozprofile::profile	INFO	Using profile path C:\Users\Nikhil\AppData\Local\Temp\rust_mozprofile.vTIZ6Wtirx8h
1484007926154	geckodriver::marionette	INFO	Starting browser C:\Program Files (x86)\Mozilla Firefox\Firefox.exe
1484007926220	geckodriver::marionette	INFO	Connecting to Marionette on localhost:58402
1484007929318	Marionette	INFO	Listening on port 58402
1484008057328	geckodriver	INFO	Listening on 127.0.0.1:58478
1484008059300	mozprofile::profile	INFO	Using profile path C:\Users\Nikhil\AppData\Local\Temp\rust_mozprofile.ZEJLGiNuSKUu
1484008059316	geckodriver::marionette	INFO	Starting browser C:\Program Files (x86)\Mozilla Firefox\Firefox.exe
1484008059378	geckodriver::marionette	INFO	Connecting to Marionette on localhost:58484
1484008061893	Marionette	INFO	Listening on port 58484
[Child 11652] WARNING: pipe error: 109: file c:/builds/moz2_slave/m-rel-w32-00000000000000000000/build/src/ipc/chromium/src/chrome/common/ipc_channel_win.cc, line 346
.4Qds5O5KSv42
1484008165750	geckodriver::marionette	INFO	Starting browser C:\Program Files (x86)\Mozilla Firefox\Firefox.exe
1484008165812	geckodriver::marionette	INFO	Connecting to Marionette on localhost:58574
1484008168466	Marionette	INFO	Listening on port 58574
[Child 6668] WARNING: pipe error: 109: file c:/builds/moz2_slave/m-rel-w32-00000000000000000000/build/src/ipc/chromium/src/chrome/common/ipc_channel_win.cc, line 346
1484008330425	geckodriver	INFO	Listening on 127.0.0.1:58654
1484008332470	mozprofile::profile	INFO	Using profile path C:\Users\Nikhil\AppData\Local\Temp\rust_mozprofile.rHclO8Lk1Db2
1484008332470	geckodriver::marionette	INFO	Starting browser C:\Program Files (x86)\Mozilla Firefox\Firefox.exe
1484008332532	geckodriver::marionette	INFO	Connecting to Marionette on localhost:58660
1484008335689	Marionette	INFO	Listening on port 58660
1484008388298	geckodriver	INFO	Listening on 127.0.0.1:58732
1484008390312	mozprofile::profile	INFO	Using profile path C:\Users\Nikhil\AppData\Local\Temp\rust_mozprofile.tcb9mUV7iC5e
1484008390328	geckodriver::marionette	INFO	Starting browser C:\Program Files (x86)\Mozilla Firefox\Firefox.exe
1484008390375	geckodriver::marionette	INFO	Connecting to Marionette on localhost:58738
1484008393293	Marionette	INFO	Listening on port 58738
[Child 9240] WARNING: pipe error: 109: file c:/builds/moz2_slave/m-rel-w32-00000000000000000000/build/src/ipc/chromium/src/chrome/common/ipc_channel_win.cc, line 346
e.vvHcCJfttuYh
1484008553162	geckodriver::marionette	INFO	Starting browser C:\Program Files (x86)\Mozilla Firefox\Firefox.exe
1484008553214	geckodriver::marionette	INFO	Connecting to Marionette on localhost:58829
1484008556254	Marionette	INFO	Listening on port 58829
[Child 10532] WARNING: pipe error: 109: file c:/builds/moz2_slave/m-rel-w32-00000000000000000000/build/src/ipc/chromium/src/chrome/common/ipc_channel_win.cc, line 346
[Child 10532] WARNING: pipe error: 109: file c:/builds/moz2_slave/m-rel-w32-00000000000000000000/build/src/ipc/chromium/src/chrome/common/ipc_channel_win.cc, line 346
1484008878754	geckodriver	INFO	Listening on 127.0.0.1:58917
1484008880762	mozprofile::profile	INFO	Using profile path C:\Users\Nikhil\AppData\Local\Temp\rust_mozprofile.hka5GPDxYKuw
1484008880778	geckodriver::marionette	INFO	Starting browser C:\Program Files (x86)\Mozilla Firefox\Firefox.exe
1484008880825	geckodriver::marionette	INFO	Connecting to Marionette on localhost:58923
1484008883678	Marionette	INFO	Listening on port 58923
1484008950988	geckodriver	INFO	Listening on 127.0.0.1:59003
1484008953000	mozprofile::profile	INFO	Using profile path C:\Users\Nikhil\AppData\Local\Temp\rust_mozprofile.JoBrjI6Zsgt2
1484008953006	geckodriver::marionette	INFO	Starting browser C:\Program Files (x86)\Mozilla Firefox\Firefox.exe
1484008953055	geckodriver::marionette	INFO	Connecting to Marionette on localhost:59009
1484008955825	Marionette	INFO	Listening on port 59009
1484009449748	geckodriver	INFO	Listening on 127.0.0.1:59098
1484009451789	mozprofile::profile	INFO	Using profile path C:\Users\Nikhil\AppData\Local\Temp\rust_mozprofile.yalXwrPEwF9m
1484009451804	geckodriver::marionette	INFO	Starting browser C:\Program Files (x86)\Mozilla Firefox\Firefox.exe
1484009451867	geckodriver::marionette	INFO	Connecting to Marionette on localhost:59104
1484009454830	Marionette	INFO	Listening on port 59104
1484009498329	geckodriver	INFO	Listening on 127.0.0.1:59173
1484009500337	mozprofile::profile	INFO	Using profile path C:\Users\Nikhil\AppData\Local\Temp\rust_mozprofile.vUBMtQf4GmUA
1484009500353	geckodriver::marionette	INFO	Starting browser C:\Program Files (x86)\Mozilla Firefox\Firefox.exe
1484009500400	geckodriver::marionette	INFO	Connecting to Marionette on localhost:59179
1484009502768	Marionette	INFO	Listening on port 59179
1484009656648	geckodriver	INFO	Listening on 127.0.0.1:59272
1484009658624	mozprofile::profile	INFO	Using profile path C:\Users\Nikhil\AppData\Local\Temp\rust_mozprofile.gZJWVULDj6D6
1484009658640	geckodriver::marionette	INFO	Starting browser C:\Program Files (x86)\Mozilla Firefox\Firefox.exe
1484009658702	geckodriver::marionette	INFO	Connecting to Marionette on localhost:59279
1484009661458	Marionette	INFO	Listening on port 59279
[Child 3876] WARNING: pipe error: 109: file c:/builds/moz2_slave/m-rel-w32-00000000000000000000/build/src/ipc/chromium/src/chrome/common/ipc_channel_win.cc, line 346
e.5dYEwM3QtKUj
1484010140368	geckodriver::marionette	INFO	Starting browser C:\Program Files (x86)\Mozilla Firefox\Firefox.exe
1484010140414	geckodriver::marionette	INFO	Connecting to Marionette on localhost:59428
1484010143423	Marionette	INFO	Listening on port 59428
[Child 8708] WARNING: pipe error: 109: file c:/builds/moz2_s1484010190652	mozprofile::profile	INFO	Using profile path C:\Users\Nikhil\AppData\Local\Temp\rust_mozprofile.NFCtubSeafE2
1484010190668	geckodriver::marionette	INFO	Starting browser C:\Program Files (x86)\Mozilla Firefox\Firefox.exe
1484010190730	geckodriver::marionette	INFO	Connecting to Marionette on localhost:59503
1484010193325	Marionette	INFO	Listening on port 59503
1484010261833	geckodriver	INFO	Listening on 127.0.0.1:59597
1484010263839	mozprofile::profile	INFO	Using profile path C:\Users\Nikhil\AppData\Local\Temp\rust_mozprofile.vqMZoDcDvXdn
1484010263849	geckodriver::marionette	INFO	Starting browser C:\Program Files (x86)\Mozilla Firefox\Firefox.exe
1484010263919	geckodriver::marionette	INFO	Connecting to Marionette on localhost:59604
1484010267058	Marionette	INFO	Listening on port 59604
1484012196612	geckodriver	INFO	Listening on 127.0.0.1:59801
1484012198625	mozprofile::profile	INFO	Using profile path C:\Users\Nikhil\AppData\Local\Temp\rust_mozprofile.j6rg2oag33pg
1484012198640	geckodriver::marionette	INFO	Starting browser C:\Program Files (x86)\Mozilla Firefox\Firefox.exe
1484012198703	geckodriver::marionette	INFO	Connecting to Marionette on localhost:59807
1484012201823	Marionette	INFO	Listening on port 59807
1484012231001	geckodriver	INFO	Listening on 127.0.0.1:59871
1484012233017	mozprofile::profile	INFO	Using profile path C:\Users\Nikhil\AppData\Local\Temp\rust_mozprofile.vOBV8fedEVsR
1484012233032	geckodriver::marionette	INFO	Starting browser C:\Program Files (x86)\Mozilla Firefox\Firefox.exe
1484012233095	geckodriver::marionette	INFO	Connecting to Marionette on localhost:59877
1484012236650	Marionette	INFO	Listening on port 59877
1484012286626	geckodriver	INFO	Listening on 127.0.0.1:59944
1484012288638	mozprofile::profile	INFO	Using profile path C:\Users\Nikhil\AppData\Local\Temp\rust_mozprofile.OnSGWvCZoVOi
1484012288653	geckodriver::marionette	INFO	Starting browser C:\Program Files (x86)\Mozilla Firefox\Firefox.exe
1484012288716	geckodriver::marionette	INFO	Connecting to Marionette on localhost:59950
1484012292832	Marionette	INFO	Listening on port 59950
1484089660714	geckodriver	INFO	Listening on 127.0.0.1:62842
1484089662636	mozprofile::profile	INFO	Using profile path C:\Users\Nikhil\AppData\Local\Temp\rust_mozprofile.tt2yk11rDDKi
1484089662642	geckodriver::marionette	INFO	Starting browser C:\Program Files (x86)\Mozilla Firefox\Firefox.exe
1484089662705	geckodriver::marionette	INFO	Connecting to Marionette on localhost:62848
1484089666191	Marionette	INFO	Listening on port 62848
[Child 10572] WARNING: pipe error: 109: file c:/builds/moz2_slave/m-rel-w32-00000000000000000000/build/src/ipc/chromium/src/chrome/common/ipc_channel_win.cc, line 346
1484089878808	geckodriver	INFO	Listening on 127.0.0.1:62935
1484089880825	mozprofile::profile	INFO	Using profile path C:\Users\Nikhil\AppData\Local\Temp\rust_mozprofile.dL7x6u5zINDe
1484089880844	geckodriver::marionette	INFO	Starting browser C:\Program Files (x86)\Mozilla Firefox\Firefox.exe
1484089880940	geckodriver::marionette	INFO	Connecting to Marionette on localhost:62941
1484089883722	Marionette	INFO	Listening on port 62941
1484090397216	geckodriver	INFO	Listening on 127.0.0.1:63048
1484090399229	mozprofile::profile	INFO	Using profile path C:\Users\Nikhil\AppData\Local\Temp\rust_mozprofile.DezRCZGGJAFM
1484090399245	geckodriver::marionette	INFO	Starting browser C:\Program Files (x86)\Mozilla Firefox\Firefox.exe
1484090399323	geckodriver::marionette	INFO	Connecting to Marionette on localhost:63054
1484090403168	Marionette	INFO	Listening on port 63054
1484090474621	addons.productaddons	WARN	Failed downloading via XHR, status: 0, reason: error
1484090474634	addons.productaddons	WARN	Failed downloading via XHR, status: 0, reason: error

###!!! [Child][MessageChannel] Error: (msgtype=0x4A011A,name=PContent::Msg_AsyncMessage) Channel closing: too late to send/recv, messages will be lost

[Child 8608] WARNING: pipe error: 109: file c:/builds/moz2_slave/m-rel-w32-00000000000000000000/build/src/ipc/chromium/src/chrome/common/ipc_channel_win.cc, line 346
JavaScript error: chrome://global/content/process-content.js, line 51: NS_ERROR_UNEXPECTED: Component returned failure code: 0x8000ffff (NS_ERROR_UNEXPECTED) [nsIMessageSender.sendAsyncMessage]

###!!! [Child][MessageChannel] Error: (msgtype=0x4A011A,name=PContent::Msg_AsyncMessage) Channel closing: too late to send/recv, messages will be lost

JavaScript error: chrome://global/content/process-content.js, line 51: NS_ERROR_UNEXPECTED: Component returned failure code: 0x8000ffff (NS_ERROR_UNEXPECTED) [nsIMessageSender.sendAsyncMessage]

###!!! [Child][MessageChannel] Error: (msgtype=0x4A011A,name=PContent::Msg_AsyncMessage) Channel closing: too late to send/recv, messages will be lost

JavaScript error: chrome://global/content/process-content.js, line 51: NS_ERROR_UNEXPECTED: Component returned failure code: 0x8000ffff (NS_ERROR_UNEXPECTED) [nsIMessageSender.sendAsyncMessage]

###!!! [Child][MessageChannel] Error: (msgtype=0x4A011A,name=PContent::Msg_AsyncMessage) Channel closing: too late to send/recv, messages will be lost

JavaScript error: chrome://global/content/process-content.js, line 51: NS_ERROR_UNEXPECTED: Component returned failure code: 0x8000ffff (NS_ERROR_UNEXPECTED) [nsIMessageSender.sendAsyncMessage]

###!!! [Child][MessageChannel] Error: (msgtype=0x4A011A,name=PContent::Msg_AsyncMessage) Channel closing: too late to send/recv, messages will be lost

JavaScript error: chrome://global/content/process-content.js, line 51: NS_ERROR_UNEXPECTED: Component returned failure code: 0x8000ffff (NS_ERROR_UNEXPECTED) [nsIMessageSender.sendAsyncMessage]

###!!! [Child][MessageChannel] Error: (msgtype=0x4A011A,name=PContent::Msg_AsyncMessage) Channel closing: too late to send/recv, messages will be lost

JavaScript error: chrome://global/content/process-content.js, line 51: NS_ERROR_UNEXPECTED: Component returned failure code: 0x8000ffff (NS_ERROR_UNEXPECTED) [nsIMessageSender.sendAsyncMessage]

###!!! [Child][MessageChannel] Error: (msgtype=0x4A011A,name=PContent::Msg_AsyncMessage) Channel closing: too late to send/recv, messages will be lost

JavaScript error: chrome://global/content/process-content.js, line 51: NS_ERROR_UNEXPECTED: Component returned failure code: 0x8000ffff (NS_ERROR_UNEXPECTED) [nsIMessageSender.sendAsyncMessage]

###!!! [Child][MessageChannel] Error: (msgtype=0x4A011A,name=PContent::Msg_AsyncMessage) Channel closing: too late to send/recv, messages will be lost

JavaScript error: chrome://global/content/process-content.js, line 51: NS_ERROR_UNEXPECTED: Component returned failure code: 0x8000ffff (NS_ERROR_UNEXPECTED) [nsIMessageSender.sendAsyncMessage]

###!!! [Child][MessageChannel] Error: (msgtype=0x2E0045,name=PBrowser::Msg___delete__) Channel closing: too late to send/recv, messages will be lost


###!!! [Child][OnMaybeDequeueOne] Error: Channel closing: too late to send/recv, messages will be lost


###!!! [Child][MessageChannel] Error: (msgtype=0x4A00C2,name=PContent::Msg_ConsoleMessage) Channel closing: too late to send/recv, messages will be lost

1484090506548	geckodriver	INFO	Listening on 127.0.0.1:63141
1484090508532	mozprofile::profile	INFO	Using profile path C:\Users\Nikhil\AppData\Local\Temp\rust_mozprofile.L0VkoKEtC0yQ
1484090508547	geckodriver::marionette	INFO	Starting browser C:\Program Files (x86)\Mozilla Firefox\Firefox.exe
1484090508626	geckodriver::marionette	INFO	Connecting to Marionette on localhost:63147
1484090511211	Marionette	INFO	Listening on port 63147
[Child 17376] WARNING: pipe error: 109: file c:/builds/moz2_slave/m-rel-w32-00000000000000000000/build/src/ipc/chromium/src/chrome/common/ipc_channel_win.cc, line 346
[Child 17376] WARNING: pipe error: 109: file c:/builds/moz2_slave/m-rel-w32-00000000000000000000/build/src/ipc/chromium/src/chrome/common/ipc_channel_win.cc, line 346
Connecting to Marionette on localhost:63296
1484090899015	Marionette	INFO	Listening on port 63296
1484091876215	geckodriver	INFO	Listening on 127.0.0.1:63425
1484091878231	mozprofile::profile	INFO	Using profile path C:\Users\Nikhil\AppData\Local\Temp\rust_mozprofile.ulNMOoT7jBTo
1484091878247	geckodriver::marionette	INFO	Starting browser C:\Program Files (x86)\Mozilla Firefox\Firefox.exe
1484091878310	geckodriver::marionette	INFO	Connecting to Marionette on localhost:63431
1484091882188	Marionette	INFO	Listening on port 63431
[Child 18684] WARNING: pipe error: 109: file c:/builds/moz2_slave/m-rel-w32-00000000000000000000/build/src/ipc/chromium/src/chrome/common/ipc_channel_win.cc, line 346
1484091991783	geckodriver	INFO	Listening on 127.0.0.1:63508
1484091993764	mozprofile::profile	INFO	Using profile path C:\Users\Nikhil\AppData\Local\Temp\rust_mozprofile.BfE9Ppho2kBS
1484091993769	geckodriver::marionette	INFO	Starting browser C:\Program Files (x86)\Mozilla Firefox\Firefox.exe
1484091993805	geckodriver::marionette	INFO	Connecting to Marionette on localhost:63515
1484091996417	Marionette	INFO	Listening on port 63515
[Child 7232] WARNING: pipe error: 109: file c:/builds/moz2_slave/m-rel-w32-00000000000000000000/build/src/ipc/chromium/src/chrome/common/ipc_channel_win.cc, line 346
1484092105914	geckodriver	INFO	Listening on 127.0.0.1:63590
1484092107907	mozprofile::profile	INFO	Using profile path C:\Users\Nikhil\AppData\Local\Temp\rust_mozprofile.8rmXZlxsRC4S
1484092107914	geckodriver::marionette	INFO	Starting browser C:\Program Files (x86)\Mozilla Firefox\Firefox.exe
1484092107971	geckodriver::marionette	INFO	Connecting to Marionette on localhost:63596
1484092110589	Marionette	INFO	Listening on port 63596
1484093692378	geckodriver	INFO	Listening on 127.0.0.1:63723
1484093694385	mozprofile::profile	INFO	Using profile path C:\Users\Nikhil\AppData\Local\Temp\rust_mozprofile.ioNkibsUUXes
1484093694392	geckodriver::marionette	INFO	Starting browser C:\Program Files (x86)\Mozilla Firefox\Firefox.exe
1484093694451	geckodriver::marionette	INFO	Connecting to Marionette on localhost:63729
1484093698267	Marionette	INFO	Listening on port 63729
[Child 17164] WARNING: pipe error: 109: file c:/builds/moz2_slave/m-rel-w32-00000000000000000000/build/src/ipc/chromium/src/chrome/common/ipc_channel_win.cc, line 346
.eReqB5sryscI
1484093733215	geckodriver::marionette	INFO	Starting browser C:\Program Files (x86)\Mozilla Firefox\Firefox.exe
1484093733267	geckodriver::marionette	INFO	Connecting to Marionette on localhost:63804
1484093735815	Marionette	INFO	Listening on port 63804
1484093779718	geckodriver	INFO	Listening on 127.0.0.1:63870
1484093781723	mozprofile::profile	INFO	Using profile path C:\Users\Nikhil\AppData\Local\Temp\rust_mozprofile.4FcwYtO8U13F
1484093781730	geckodriver::marionette	INFO	Starting browser C:\Program Files (x86)\Mozilla Firefox\Firefox.exe
1484093781784	geckodriver::marionette	INFO	Connecting to Marionette on localhost:63876
1484093784380	Marionette	INFO	Listening on port 63876
[Child 20560] WARNING: pipe error: 109: file c:/builds/moz2_slave/m-rel-w32-00000000000000000000/build/src/ipc/chromium/src/chrome/common/ipc_channel_win.cc, line 346
[Child 20560] WARNING: pipe error: 109: file c:/builds/moz2_slave/m-rel-w32-00000000000000000000/build/src/ipc/chromium/src/chrome/common/ipc_channel_win.cc, line 346
1484094123942	geckodriver	INFO	Listening on 127.0.0.1:63971
1484094125987	mozprofile::profile	INFO	Using profile path C:\Users\Nikhil\AppData\Local\Temp\rust_mozprofile.sMY93ga7DMJ6
1484094126002	geckodriver::marionette	INFO	Starting browser C:\Program Files (x86)\Mozilla Firefox\Firefox.exe
1484094126065	geckodriver::marionette	INFO	Connecting to Marionette on localhost:63977
1484094130326	Marionette	INFO	Listening on port 63977
1484094257555	geckodriver	INFO	Listening on 127.0.0.1:64080
1484094259555	mozprofile::profile	INFO	Using profile path C:\Users\Nikhil\AppData\Local\Temp\rust_mozprofile.wE4fiTjFMnll
1484094259562	geckodriver::marionette	INFO	Starting browser C:\Program Files (x86)\Mozilla Firefox\Firefox.exe
1484094259632	geckodriver::marionette	INFO	Connecting to Marionette on localhost:64086
1484094263000	Marionette	INFO	Listening on port 64086
[Child 22136] WARNING: pipe error: 109: file c:/builds/moz2_slave/m-rel-w32-00000000000000000000/build/src/ipc/chromium/src/chrome/common/ipc_channel_win.cc, line 346
.H9gJwCiGkFun
1484094404465	geckodriver::marionette	INFO	Starting browser C:\Program Files (x86)\Mozilla Firefox\Firefox.exe
1484094404553	geckodriver::marionette	INFO	Connecting to Marionette on localhost:64179
1484094407870	Marionette	INFO	Listening on port 64179

###!!! [Child][MessageChannel] Error: (msgtype=0x4A00C2,name=PContent::Msg_ConsoleMessage) Channel closing: too late to send/recv, messages will be lost

[Child 20824] WARNING: pipe error: 109: file c:/builds/moz2_slave/m-rel-w32-00000000000000000000/build/src/ipc/chromium/src/chrome/common/ipc_channel_win.cc, line 346
1484248750364	geckodriver	INFO	Listening on 127.0.0.1:59116
1484248752446	mozprofile::profile	INFO	Using profile path C:\Users\Nikhil\AppData\Local\Temp\rust_mozprofile.rBSA20m2Y6Uv
1484248752452	geckodriver::marionette	INFO	Starting browser C:\Program Files (x86)\Mozilla Firefox\Firefox.exe
1484248752522	geckodriver::marionette	INFO	Connecting to Marionette on localhost:59122
1484248756224	Marionette	INFO	Listening on port 59122
[Child 14824] WARNING: pipe error: 232: file c:/builds/moz2_slave/m-rel-w32-00000000000000000000/build/src/ipc/chromium/src/chrome/common/ipc_channel_win.cc, line 513
[Child 14824] ###!!! ABORT: Aborting on channel error.: file c:/builds/moz2_slave/m-rel-w32-00000000000000000000/build/src/ipc/glue/MessageChannel.cpp, line 2056
1484249240837	geckodriver	INFO	Listening on 127.0.0.1:59318
1484249242860	mozprofile::profile	INFO	Using profile path C:\Users\Nikhil\AppData\Local\Temp\rust_mozprofile.MZkuZCUadyxa
1484249242866	geckodriver::marionette	INFO	Starting browser C:\Program Files (x86)\Mozilla Firefox\Firefox.exe
1484249242923	geckodriver::marionette	INFO	Connecting to Marionette on localhost:59325
1484249245558	Marionette	INFO	Listening on port 59325
[Child 24344] WARNING: pipe error: 109: file c:/builds/moz2_slave/m-rel-w32-00000000000000000000/build/src/ipc/chromium/src/chrome/common/ipc_channel_win.cc, line 346
[Child 24344] WARNING: pipe error: 109: file c:/builds/moz2_slave/m-rel-w32-00000000000000000000/build/src/ipc/chromium/src/chrome/common/ipc_channel_win.cc, line 346
1484249391139	geckodriver	INFO	Listening on 127.0.0.1:59401
1484249393149	mozprofile::profile	INFO	Using profile path C:\Users\Nikhil\AppData\Local\Temp\rust_mozprofile.rE7FtP5dV3n8
1484249393155	geckodriver::marionette	INFO	Starting browser C:\Program Files (x86)\Mozilla Firefox\Firefox.exe
1484249393204	geckodriver::marionette	INFO	Connecting to Marionette on localhost:59407
1484249396073	Marionette	INFO	Listening on port 59407
[Child 9020] WARNING: pipe error: 109: file c:/builds/moz2_slave/m-rel-w32-00000000000000000000/build/src/ipc/chromium/src/chrome/common/ipc_channel_win.cc, line 346
[Child 9020] WARNING: pipe error: 109: file c:/builds/moz2_slave/m-rel-w32-00000000000000000000/build/src/ipc/chromium/src/chrome/common/ipc_channel_win.cc, line 346
1484249463443	addons.productaddons	WARN	Failed1484249465790	Marionette	INFO	Listening on port 59498
[Child 9920] WARNING: pipe error: 109: file c:/builds/moz2_slave/m-rel-w32-00000000000000000000/build/src/ipc/chromium/src/chrome/common/ipc_channel_win.cc, line 346
[Child 9920] WARNING: pipe error: 109: file c:/builds/moz2_slave/m-rel-w32-00000000000000000000/build/src/ipc/chromium/src/chrome/common/ipc_channel_win.cc, line 346
1484254692873	geckodriver	INFO	Listening on 127.0.0.1:60023
1484254694842	mozprofile::profile	INFO	Using profile path C:\Users\Nikhil\AppData\Local\Temp\rust_mozprofile.9ile2Vua9bjP
1484254694861	geckodriver::marionette	INFO	Starting browser C:\Program Files (x86)\Mozilla Firefox\Firefox.exe
1484254694922	geckodriver::marionette	INFO	Connecting to Marionette on localhost:60029
1484254699075	Marionette	INFO	Listening on port 60029
[Child 7800] WARNING: pipe error: 109: file c:/builds/moz2_slave/m-rel-w32-00000000000000000000/build/src/ipc/chromium/src/chrome/common/ipc_channel_win.cc, line 346
[Child 7800] WARNING: pipe error: 109: file c:/builds/moz2_slave/m-rel-w32-00000000000000000000/build/src/ipc/chromium/src/chrome/common/ipc_channel_win.cc, line 346
1484255746580	geckodriver	INFO	Listening on 127.0.0.1:60123
1484255748636	mozprofile::profile	INFO	Using profile path C:\Users\Nikhil\AppData\Local\Temp\rust_mozprofile.9VarbK6IARds
1484255748652	geckodriver::marionette	INFO	Starting browser C:\Program Files (x86)\Mozilla Firefox\Firefox.exe
1484255748714	geckodriver::marionette	INFO	Connecting to Marionette on localhost:60129
1484255751607	Marionette	INFO	Listening on port 60129
1484255817279	addons.productaddons	WARN	Failed downloading via XHR, status: 0, reason: error
1484255817292	addons.productaddons	WARN	Failed downloading via XHR, status: 0, reason: error
1484255817299	addons.productaddons	WARN	Failed downloading via XHR, status: 0, reason: error
irefox.exe
1484255816554	geckodriver::marionette	INFO	Connecting to Marionette on localhost:60209
1484255819097	Marionette	INFO	Listening on port 60209
[Child 24592] WARNING: pipe error: 109: file c:/builds/moz2_slave/m-rel-w32-00000000000000000000/build/src/ipc/chromium/src/chrome/common/ipc_channel_win.cc, line 346
1484256648764	geckodriver	INFO	Listening on 127.0.0.1:60363
1484256650775	mozprofile::profile	INFO	Using profile path C:\Users\Nikhil\AppData\Local\Temp\rust_mozprofile.UvMs5MT2dfBL
1484256650790	geckodriver::marionette	INFO	Starting browser C:\Program Files (x86)\Mozilla Firefox\Firefox.exe
1484256650869	geckodriver::marionette	INFO	Connecting to Marionette on localhost:60369
1484256653746	Marionette	INFO	Listening on port 60369
[Child 20828] WARNING: pipe error: 109: file c:/builds/moz2_slave/m-rel-w32-00000000000000000000/build/src/ipc/chromium/src/chrome/common/ipc_channel_win.cc, line 346
.r014FFIqLgqM
1484256709322	geckodriver::marionette	INFO	Starting browser C:\Program Files (x86)\Mozilla Firefox\Firefox.exe
1484256709420	geckodriver::marionette	INFO	Connecting to Marionette on localhost:60449
1484256711951	Marionette	INFO	Listening on port 60449
1484256743186	geckodriver	INFO	Listening on 127.0.0.1:60516
1484256745217	mozprofile::profile	INFO	Using profile path C:\Users\Nikhil\AppData\Local\Temp\rust_mozprofile.7pTlY0cA8bbo
1484256745233	geckodriver::marionette	INFO	Starting browser C:\Program Files (x86)\Mozilla Firefox\Firefox.exe
1484256745280	geckodriver::marionette	INFO	Connecting to Marionette on localhost:60522
1484256747660	Marionette	INFO	Listening on port 60522
[Child 4376] WARNING: pipe error: 109: file c:/builds/moz2_slave/m-rel-w32-00000000000000000000/build/src/ipc/chromium/src/chrome/common/ipc_channel_win.cc, line 346
1484256784645	geckodriver	INFO	Listening on 127.0.0.1:60586
1484256786627	mozprofile::profile	INFO	Using profile path C:\Users\Nikhil\AppData\Local\Temp\rust_mozprofile.8mqddWzc89BN
1484256786645	geckodriver::marionette	INFO	Starting browser C:\Program Files (x86)\Mozilla Firefox\Firefox.exe
1484256786698	geckodriver::marionette	INFO	Connecting to Marionette on localhost:60592
1484256789258	Marionette	INFO	Listening on port 60592
[Child 22604] WARNING: pipe error: 109: file c:/builds/moz2_slave/m-rel-w32-00000000000000000000/build/src/ipc/chromium/src/chrome/common/ipc_channel_win.cc, line 346
1484256904923	geckodriver	INFO	Listening on 127.0.0.1:60733
1484256906931	mozprofile::profile	INFO	Using profile path C:\Users\Nikhil\AppData\Local\Temp\rust_mozprofile.1PoMd72494Ps
1484256906937	geckodriver::marionette	INFO	Starting browser C:\Program Files (x86)\Mozilla Firefox\Firefox.exe
1484256906985	geckodriver::marionette	INFO	Connecting to Marionette on localhost:60739
1484256909547	Marionette	INFO	Listening on port 60739
[Child 1516] WARNING: pipe error: 109: file c:/builds/moz2_slave/m-rel-w32-00000000000000000000/build/src/ipc/chromium/src/chrome/common/ipc_channel_win.cc, line 346
1484257009454	geckodriver	INFO	Listening on 127.0.0.1:60809
1484257011501	mozprofile::profile	INFO	Using profile path C:\Users\Nikhil\AppData\Local\Temp\rust_mozprofile.ubKKp2aEvqGY
1484257011517	geckodriver::marionette	INFO	Starting browser C:\Program Files (x86)\Mozilla Firefox\Firefox.exe
1484257011579	geckodriver::marionette	INFO	Connecting to Marionette on localhost:60815
1484257014653	Marionette	INFO	Listening on port 60815
1484257082003	addons.productaddons	WARN	Failed downloading via XHR, status: 0, reason: error
1484257082006	addons.productaddons	WARN	Failed downloading via XHR, status: 0, reason: error
7081183	geckodriver::marionette	INFO	Starting browser C:\Program Files (x86)\Mozilla Firefox\Firefox.exe
1484257081257	geckodriver::marionette	INFO	Connecting to Marionette on localhost:60898
1484257084467	Marionette	INFO	Listening on port 60898
1484257971679	geckodriver	INFO	Listening on 127.0.0.1:60986
1484257973741	mozprofile::profile	INFO	Using profile path C:\Users\Nikhil\AppData\Local\Temp\rust_mozprofile.R4zBzM8c3ipP
1484257973757	geckodriver::marionette	INFO	Starting browser C:\Program Files (x86)\Mozilla Firefox\Firefox.exe
1484257973826	geckodriver::marionette	INFO	Connecting to Marionette on localhost:60992
1484257976957	Marionette	INFO	Listening on port 60992
[Child 24260] ###!!! ABORT: Aborting on channel error.: file c:/builds/moz2_slave/m-rel-w32-00000000000000000000/build/src/ipc/glue/MessageChannel.cpp, line 2056
1484258130337	geckodriver	INFO	Listening on 127.0.0.1:61056
1484258132367	mozprofile::profile	INFO	Using profile path C:\Users\Nikhil\AppData\Local\Temp\rust_mozprofile.z4oqzr2MkEnF
1484258132383	geckodriver::marionette	INFO	Starting browser C:\Program Files (x86)\Mozilla Firefox\Firefox.exe
1484258132445	geckodriver::marionette	INFO	Connecting to Marionette on localhost:61062
1484258134831	Marionette	INFO	Listening on port 61062
[Child 7756] WARNING: pipe error: 109: file c:/builds/moz2_slave/m-rel-w32-00000000000000000000/build/src/ipc/chromium/src/chrome/common/ipc_channel_win.cc, line 346
1484283426341	geckodriver	INFO	Listening on 127.0.0.1:63485
1484283428351	mozprofile::profile	INFO	Using profile path C:\Users\Nikhil\AppData\Local\Temp\rust_mozprofile.WOLWKHCNuA8h
1484283428357	geckodriver::marionette	INFO	Starting browser C:\Program Files (x86)\Mozilla Firefox\Firefox.exe
1484283428425	geckodriver::marionette	INFO	Connecting to Marionette on localhost:63491
1484283431139	Marionette	INFO	Listening on port 63491
JavaScript error: chrome://marionette/content/listener.js, line 999: NS_ERROR_FAILURE: Component returned failure code: 0x80004005 (NS_ERROR_FAILURE) [nsIWebProgress.removeProgressListener]
JavaScript error: chrome://marionette/content/listener.js, line 999: NS_ERROR_FAILURE: Component returned failure code: 0x80004005 (NS_ERROR_FAILURE) [nsIWebProgress.removeProgressListener]
[Child 12456] ###!!! ABORT: Aborting on channel error.: file c:/builds/moz2_slave/m-rel-w32-00000000000000000000/build/src/ipc/glue/MessageChannel.cpp, line 2056
1484321950870	geckodriver	INFO	Listening on 127.0.0.1:64912
1484321952915	mozprofile::profile	INFO	Using profile path C:\Users\Nikhil\AppData\Local\Temp\rust_mozprofile.jYnRRNDv0Ywb
1484321952919	geckodriver::marionette	INFO	Starting browser C:\Program Files (x86)\Mozilla Firefox\Firefox.exe
1484321952989	geckodriver::marionette	INFO	Connecting to Marionette on localhost:64918
1484321956195	Marionette	INFO	Listening on port 64918
[Child 19832] WARNING: pipe error: 109: file c:/builds/moz2_slave/m-rel-w32-00000000000000000000/build/src/ipc/chromium/src/chrome/common/ipc_channel_win.cc, line 346
1484323136507	geckodriver	INFO	Listening on 127.0.0.1:65058
1484323138525	mozprofile::profile	INFO	Using profile path C:\Users\Nikhil\AppData\Local\Temp\rust_mozprofile.hdJL7Sm65YMZ
1484323138531	geckodriver::marionette	INFO	Starting browser C:\Program Files (x86)\Mozilla Firefox\Firefox.exe
1484323138597	geckodriver::marionette	INFO	Connecting to Marionette on localhost:65065
1484323141275	Marionette	INFO	Listening on port 65065
1484324947399	geckodriver	INFO	Listening on 127.0.0.1:65269
1484324949413	mozprofile::profile	INFO	Using profile path C:\Users\Nikhil\AppData\Local\Temp\rust_mozprofile.ABqQ4lUofBH5
1484324949418	geckodriver::marionette	INFO	Starting browser C:\Program Files (x86)\Mozilla Firefox\Firefox.exe
1484324949485	geckodriver::marionette	INFO	Connecting to Marionette on localhost:65275
1484324952115	Marionette	INFO	Listening on port 65275
1484325326690	geckodriver	INFO	Listening on 127.0.0.1:65396
1484325328713	mozprofile::profile	INFO	Using profile path C:\Users\Nikhil\AppData\Local\Temp\rust_mozprofile.3IeUNnJh8llU
1484325328719	geckodriver::marionette	INFO	Starting browser C:\Program Files (x86)\Mozilla Firefox\Firefox.exe
1484325328769	geckodriver::marionette	INFO	Connecting to Marionette on localhost:65402
1484325331195	Marionette	INFO	Listening on port 65402
[Child 11088] WARNING: pipe error: 109: file c:/builds/moz2_slave/m-rel-w32-00000000000000000000/build/src/ipc/chromium/src/chrome/common/ipc_channel_win.cc, line 346
[Child 11088] WARNING: pipe error: 109: file c:/builds/moz2_slave/m-rel-w32-00000000000000000000/build/src/ipc/chromium/src/chrome/common/ipc_channel_win.cc, line 346
Connecting to Marionette on localhost:65481
1484325371639	Marionette	INFO	Listening on port 65481
[Child 24284] WARNING: pipe error: 109: file c:/builds/moz2_slave/m-rel-w32-00000000000000000000/build/src/ipc/chromium/src/chrome/common/ipc_channel_win.cc, line 346
[Child 24284] WARNING: pipe error: 109: file c:/builds/moz2_slave/m-rel-w32-00000000000000000000/build/src/ipc/chromium/src/chrome/common/ipc_channel_win.cc, line 346
1484326788545	geckodriver	INFO	Listening on 127.0.0.1:49289
1484326790561	mozprofile::profile	INFO	Using profile path C:\Users\Nikhil\AppData\Local\Temp\rust_mozprofile.6fwNz0bdth9W
1484326790577	geckodriver::marionette	INFO	Starting browser C:\Program Files (x86)\Mozilla Firefox\Firefox.exe
1484326790623	geckodriver::marionette	INFO	Connecting to Marionette on localhost:49295
1484326793477	Marionette	INFO	Listening on port 49295
1484328415907	geckodriver	INFO	Listening on 127.0.0.1:49450
1484328417947	mozprofile::profile	INFO	Using profile path C:\Users\Nikhil\AppData\Local\Temp\rust_mozprofile.0ZtcD92FpoEw
1484328417962	geckodriver::marionette	INFO	Starting browser C:\Program Files (x86)\Mozilla Firefox\Firefox.exe
1484328418025	geckodriver::marionette	INFO	Connecting to Marionette on localhost:49456
1484328421155	Marionette	INFO	Listening on port 49456
[Child 24724] WARNING: pipe error: 109: file c:/builds/moz2_slave/m-rel-w32-00000000000000000000/build/src/ipc/chromium/src/chrome/common/ipc_channel_win.cc, line 346
[Child 24724] WARNING: pipe error: 109: file c:/builds/moz2_slave/m-rel-w32-00000000000000000000/build/src/ipc/chromium/src/chrome/common/ipc_channel_win.cc, line 346
1484328883867	geckodriver	INFO	Listening on 127.0.0.1:49566
1484328885928	mozprofile::profile	INFO	Using profile path C:\Users\Nikhil\AppData\Local\Temp\rust_mozprofile.TFF7BWtW5ICp
1484328885943	geckodriver::marionette	INFO	Starting browser C:\Program Files (x86)\Mozilla Firefox\Firefox.exe
1484328885990	geckodriver::marionette	INFO	Connecting to Marionette on localhost:49572
1484328889227	Marionette	INFO	Listening on port 49572
1484328939107	geckodriver	INFO	Listening on 127.0.0.1:49646
1484328941122	mozprofile::profile	INFO	Using profile path C:\Users\Nikhil\AppData\Local\Temp\rust_mozprofile.7VtTunLHD2eg
1484328941137	geckodriver::marionette	INFO	Starting browser C:\Program Files (x86)\Mozilla Firefox\Firefox.exe
1484328941200	geckodriver::marionette	INFO	Connecting to Marionette on localhost:49652
1484328943504	Marionette	INFO	Listening on port 49652
1484328983737	geckodriver	INFO	Listening on 127.0.0.1:49737
1484328985758	mozprofile::profile	INFO	Using profile path C:\Users\Nikhil\AppData\Local\Temp\rust_mozprofile.Pegkn02Hky65
1484328985773	geckodriver::marionette	INFO	Starting browser C:\Program Files (x86)\Mozilla Firefox\Firefox.exe
1484328985839	geckodriver::marionette	INFO	Connecting to Marionette on localhost:49743
1484328988336	Marionette	INFO	Listening on port 49743
1484330737595	geckodriver	INFO	Listening on 127.0.0.1:50044
1484330739540	mozprofile::profile	INFO	Using profile path C:\Users\Nikhil\AppData\Local\Temp\rust_mozprofile.4BdQ2akWNgwz
1484330739547	geckodriver::marionette	INFO	Starting browser C:\Program Files (x86)\Mozilla Firefox\Firefox.exe
1484330739758	geckodriver::marionette	INFO	Connecting to Marionette on localhost:50050
1484330744743	Marionette	INFO	Listening on port 50050
1484331635281	geckodriver	INFO	Listening on 127.0.0.1:50317
1484331637215	mozprofile::profile	INFO	Using profile path C:\Users\Nikhil\AppData\Local\Temp\rust_mozprofile.kF09DEgofBe0
1484331637220	geckodriver::marionette	INFO	Starting browser C:\Program Files (x86)\Mozilla Firefox\Firefox.exe
1484331637283	geckodriver::marionette	INFO	Connecting to Marionette on localhost:50323
1484331640944	Marionette	INFO	Listening on port 50323
JavaScript error: https://a1.muscache.com/airbnb/static/packages/mystique/p1/page_container.bundle-ea449a2024678859de15.js, line 2: Error: Bad places response: OVER_QUERY_LIMIT
JavaScript error: https://a1.muscache.com/airbnb/static/packages/mystique/p1/page_container.bundle-ea449a2024678859de15.js, line 2: Error: Bad places response: OVER_QUERY_LIMIT
JavaScript error: https://a1.muscache.com/airbnb/static/packages/mystique/p1/page_container.bundle-ea449a2024678859de15.js, line 2: Error: Bad places response: OVER_QUERY_LIMIT
JavaScript error: https://a1.muscache.com/airbnb/static/packages/mystique/p1/page_container.bundle-ea449a2024678859de15.js, line 2: Error: Bad places response: OVER_QUERY_LIMIT
JavaScript error: https://a1.muscache.com/airbnb/static/packages/mystique/p1/page_container.bundle-ea449a2024678859de15.js, line 2: Error: Bad places response: OVER_QUERY_LIMIT
JavaScript error: https://a1.muscache.com/airbnb/static/packages/mystique/p1/page_container.bundle-ea449a2024678859de15.js, line 2: Error: Bad places response: OVER_QUERY_LIMIT
JavaScript error: https://a1.muscache.com/airbnb/static/packages/mystique/p1/page_container.bundle-ea449a2024678859de15.js, line 2: Error: Bad places response: OVER_QUERY_LIMIT
JavaScript error: https://a1.muscache.com/airbnb/static/packages/mystique/p1/page_container.bundle-ea449a2024678859de15.js, line 2: Error: Bad places response: OVER_QUERY_LIMIT
JavaScript error: https://a1.muscache.com/airbnb/static/packages/mystique/p1/page_container.bundle-ea449a2024678859de15.js, line 2: Error: Bad places response: OVER_QUERY_LIMIT
JavaScript error: https://a1.muscache.com/airbnb/static/packages/mystique/p1/page_container.bundle-ea449a2024678859de15.js, line 2: Error: Bad places response: OVER_QUERY_LIMIT
JavaScript error: https://a1.muscache.com/airbnb/static/packages/mystique/p1/page_container.bundle-ea449a2024678859de15.js, line 2: Error: Bad places response: OVER_QUERY_LIMIT
JavaScript error: https://a1.muscache.com/airbnb/static/packages/mystique/p1/page_container.bundle-ea449a2024678859de15.js, line 2: Error: Bad places response: OVER_QUERY_LIMIT
JavaScript error: https://a1.muscache.com/airbnb/static/packages/mystique/p1/page_container.bundle-ea449a2024678859de15.js, line 2: Error: Bad places response: OVER_QUERY_LIMIT
JavaScript error: https://a1.muscache.com/airbnb/static/packages/mystique/p1/page_container.bundle-ea449a2024678859de15.js, line 2: Error: Bad places response: OVER_QUERY_LIMIT
JavaScript error: https://a1.muscache.com/airbnb/static/packages/mystique/p1/page_container.bundle-ea449a2024678859de15.js, line 2: Error: Bad places response: OVER_QUERY_LIMIT
1484331837233	geckodriver	INFO	Listening on 127.0.0.1:50415
1484331839220	mozprofile::profile	INFO	Using profile path C:\Users\Nikhil\AppData\Local\Temp\rust_mozprofile.uidR4yo45XRA
1484331839227	geckodriver::marionette	INFO	Starting browser C:\Program Files (x86)\Mozilla Firefox\Firefox.exe
1484331839294	geckodriver::marionette	INFO	Connecting to Marionette on localhost:50421
1484331841840	Marionette	INFO	Listening on port 50421
JavaScript error: https://a1.muscache.com/airbnb/static/packages/mystique/p1/page_container.bundle-ea449a2024678859de15.js, line 2: Error: Bad places response: OVER_QUERY_LIMIT
JavaScript error: https://a1.muscache.com/airbnb/static/packages/mystique/p1/page_container.bundle-ea449a2024678859de15.js, line 2: Error: Bad places response: OVER_QUERY_LIMIT
JavaScript error: https://a1.muscache.com/airbnb/static/packages/mystique/p1/page_container.bundle-ea449a2024678859de15.js, line 2: Error: Bad places response: OVER_QUERY_LIMIT
JavaScript error: https://a1.muscache.com/airbnb/static/packages/mystique/p1/page_container.bundle-ea449a2024678859de15.js, line 2: Error: Bad places response: OVER_QUERY_LIMIT
JavaScript error: https://a1.muscache.com/airbnb/static/packages/mystique/p1/page_container.bundle-ea449a2024678859de15.js, line 2: Error: Bad places response: OVER_QUERY_LIMIT
JavaScript error: https://a1.muscache.com/airbnb/static/packages/mystique/p1/page_container.bundle-ea449a2024678859de15.js, line 2: Error: Bad places response: OVER_QUERY_LIMIT
JavaScript error: https://a1.muscache.com/airbnb/static/packages/mystique/p1/page_container.bundle-ea449a2024678859de15.js, line 2: Error: Bad places response: OVER_QUERY_LIMIT
JavaScript error: https://a1.muscache.com/airbnb/static/packages/mystique/p1/page_container.bundle-ea449a2024678859de15.js, line 2: Error: Bad places response: OVER_QUERY_LIMIT
JavaScript error: https://a1.muscache.com/airbnb/static/packages/mystique/p1/page_container.bundle-ea449a2024678859de15.js, line 2: Error: Bad places response: OVER_QUERY_LIMIT
JavaScript error: https://a1.muscache.com/airbnb/static/packages/mystique/p1/page_container.bundle-ea449a2024678859de15.js, line 2: Error: Bad places response: OVER_QUERY_LIMIT
JavaScript error: https://a1.muscache.com/airbnb/static/packages/mystique/p1/page_container.bundle-ea449a2024678859de15.js, line 2: Error: Bad places response: OVER_QUERY_LIMIT
JavaScript error: https://a1.muscache.com/airbnb/static/packages/mystique/p1/page_container.bundle-ea449a2024678859de15.js, line 2: Error: Bad places response: OVER_QUERY_LIMIT
JavaScript error: https://a1.muscache.com/airbnb/static/packages/mystique/p1/page_container.bundle-ea449a2024678859de15.js, line 2: Error: Bad places response: OVER_QUERY_LIMIT
JavaScript error: https://a1.muscache.com/airbnb/static/packages/mystique/p1/page_container.bundle-ea449a2024678859de15.js, line 2: Error: Bad places response: OVER_QUERY_LIMIT
[Child 22724] WARNING: pipe error: 109: file c:/builds/moz2_slave/m-rel-w32-00000000000000000000/build/src/ipc/chromium/src/chrome/common/ipc_channel_win.cc, line 346
1484332893677	geckodriver	INFO	Listening on 127.0.0.1:50552
1484332895700	mozprofile::profile	INFO	Using profile path C:\Users\Nikhil\AppData\Local\Temp\rust_mozprofile.OoK0ttexUtGU
1484332895707	geckodriver::marionette	INFO	Starting browser C:\Program Files (x86)\Mozilla Firefox\Firefox.exe
1484332895761	geckodriver::marionette	INFO	Connecting to Marionette on localhost:50558
1484332898665	Marionette	INFO	Listening on port 50558
JavaScript error: https://a1.muscache.com/airbnb/static/packages/mystique/p1/page_container.bundle-ea449a2024678859de15.js, line 2: Error: Bad places response: OVER_QUERY_LIMIT
JavaScript error: https://a1.muscache.com/airbnb/static/packages/mystique/p1/page_container.bundle-ea449a2024678859de15.js, line 2: Error: Bad places response: OVER_QUERY_LIMIT
JavaScript error: https://a1.muscache.com/airbnb/static/packages/mystique/p1/page_container.bundle-ea449a2024678859de15.js, line 2: Error: Bad places response: OVER_QUERY_LIMIT
JavaScript error: https://a1.muscache.com/airbnb/static/packages/mystique/p1/page_container.bundle-ea449a2024678859de15.js, line 2: Error: Bad places response: OVER_QUERY_LIMIT
JavaScript error: https://a1.muscache.com/airbnb/static/packages/mystique/p1/page_container.bundle-ea449a2024678859de15.js, line 2: Error: Bad places response: OVER_QUERY_LIMIT
JavaScript error: https://a1.muscache.com/airbnb/static/packages/mystique/p1/page_container.bundle-ea449a2024678859de15.js, line 2: Error: Bad places response: OVER_QUERY_LIMIT
JavaScript error: https://a1.muscache.com/airbnb/static/packages/mystique/p1/page_container.bundle-ea449a2024678859de15.js, line 2: Error: Bad places response: OVER_QUERY_LIMIT
JavaScript error: https://a1.muscache.com/airbnb/static/packages/mystique/p1/page_container.bundle-ea449a2024678859de15.js, line 2: Error: Bad places response: OVER_QUERY_LIMIT
JavaScript error: https://a1.muscache.com/airbnb/static/packages/mystique/p1/page_container.bundle-ea449a2024678859de15.js, line 2: Error: Bad places response: OVER_QUERY_LIMIT
JavaScript error: https://a1.muscache.com/airbnb/static/packages/mystique/p1/page_container.bundle-ea449a2024678859de15.js, line 2: Error: Bad places response: OVER_QUERY_LIMIT
JavaScript error: https://a1.muscache.com/airbnb/static/packages/mystique/p1/page_container.bundle-ea449a2024678859de15.js, line 2: Error: Bad places response: OVER_QUERY_LIMIT
JavaScript error: https://a1.muscache.com/airbnb/static/packages/mystique/p1/page_container.bundle-ea449a2024678859de15.js, line 2: Error: Bad places response: OVER_QUERY_LIMIT
JavaScript error: https://a1.muscache.com/airbnb/static/packages/mystique/p1/page_container.bundle-ea449a2024678859de15.js, line 2: Error: Bad places response: OVER_QUERY_LIMIT
JavaScript error: https://a1.muscache.com/airbnb/static/packages/mystique/p1/page_container.bundle-ea449a2024678859de15.js, line 2: Error: Bad places response: OVER_QUERY_LIMIT
JavaScript error: https://a1.muscache.com/airbnb/static/packages/mystique/p1/page_container.bundle-ea449a2024678859de15.js, line 2: Error: Bad places response: OVER_QUERY_LIMIT
1484333190653	geckodriver	INFO	Listening on 127.0.0.1:50699
1484333192644	mozprofile::profile	INFO	Using profile path C:\Users\Nikhil\AppData\Local\Temp\rust_mozprofile.tqWZKq7Qcfgu
1484333192650	geckodriver::marionette	INFO	Starting browser C:\Program Files (x86)\Mozilla Firefox\Firefox.exe
1484333192711	geckodriver::marionette	INFO	Connecting to Marionette on localhost:50705
1484333195760	Marionette	INFO	Listening on port 50705
JavaScript error: https://a1.muscache.com/airbnb/static/packages/mystique/p1/page_container.bundle-ea449a2024678859de15.js, line 2: Error: Bad places response: OVER_QUERY_LIMIT
JavaScript error: https://a1.muscache.com/airbnb/static/packages/mystique/p1/page_container.bundle-ea449a2024678859de15.js, line 2: Error: Bad places response: OVER_QUERY_LIMIT
JavaScript error: https://a1.muscache.com/airbnb/static/packages/mystique/p1/page_container.bundle-ea449a2024678859de15.js, line 2: Error: Bad places response: OVER_QUERY_LIMIT
JavaScript error: https://a1.muscache.com/airbnb/static/packages/mystique/p1/page_container.bundle-ea449a2024678859de15.js, line 2: Error: Bad places response: OVER_QUERY_LIMIT
JavaScript error: https://a1.muscache.com/airbnb/static/packages/mystique/p1/page_container.bundle-ea449a2024678859de15.js, line 2: Error: Bad places response: OVER_QUERY_LIMIT
JavaScript error: https://a1.muscache.com/airbnb/static/packages/mystique/p1/page_container.bundle-ea449a2024678859de15.js, line 2: Error: Bad places response: OVER_QUERY_LIMIT
JavaScript error: https://a1.muscache.com/airbnb/static/packages/mystique/p1/page_container.bundle-ea449a2024678859de15.js, line 2: Error: Bad places response: OVER_QUERY_LIMIT
JavaScript error: https://a1.muscache.com/airbnb/static/packages/mystique/p1/page_container.bundle-ea449a2024678859de15.js, line 2: Error: Bad places response: OVER_QUERY_LIMIT
JavaScript error: https://a1.muscache.com/airbnb/static/packages/mystique/p1/page_container.bundle-ea449a2024678859de15.js, line 2: Error: Bad places response: OVER_QUERY_LIMIT
JavaScript error: https://a1.muscache.com/airbnb/static/packages/mystique/p1/page_container.bundle-ea449a2024678859de15.js, line 2: Error: Bad places response: OVER_QUERY_LIMIT
JavaScript error: https://a1.muscache.com/airbnb/static/packages/mystique/p1/page_container.bundle-ea449a2024678859de15.js, line 2: Error: Bad places response: OVER_QUERY_LIMIT
JavaScript error: https://a1.muscache.com/airbnb/static/packages/mystique/p1/page_container.bundle-ea449a2024678859de15.js, line 2: Error: Bad places response: OVER_QUERY_LIMIT
JavaScript error: https://a1.muscache.com/airbnb/static/packages/mystique/p1/page_container.bundle-ea449a2024678859de15.js, line 2: Error: Bad places response: OVER_QUERY_LIMIT
JavaScript error: https://a1.muscache.com/airbnb/static/packages/mystique/p1/page_container.bundle-ea449a2024678859de15.js, line 2: Error: Bad places response: OVER_QUERY_LIMIT
JavaScript error: https://a1.muscache.com/airbnb/static/packages/mystique/p1/page_container.bundle-ea449a2024678859de15.js, line 2: Error: Bad places response: OVER_QUERY_LIMIT
[Child 23980] WARNING: pipe error: 109: file c:/builds/moz2_slave/m-rel-w32-00000000000000000000/build/src/ipc/chromium/src/chrome/common/ipc_channel_win.cc, line 346
1484333262455	addons.productaddons	WARN	Failed downloading via XHR, status: 0, reason: error
1484333262458	addons.productaddons	WARN	Failed downloading via XHR, status: 0, reason: error
1484333368019	geckodriver	INFO	Listening on 127.0.0.1:50807
1484333370043	mozprofile::profile	INFO	Using profile path C:\Users\Nikhil\AppData\Local\Temp\rust_mozprofile.hucAPzSS2BM2
1484333370049	geckodriver::marionette	INFO	Starting browser C:\Program Files (x86)\Mozilla Firefox\Firefox.exe
1484333370112	geckodriver::marionette	INFO	Connecting to Marionette on localhost:50813
1484333372917	Marionette	INFO	Listening on port 50813
JavaScript error: https://a1.muscache.com/airbnb/static/packages/mystique/p1/page_container.bundle-ea449a2024678859de15.js, line 2: Error: Bad places response: OVER_QUERY_LIMIT
JavaScript error: https://a1.muscache.com/airbnb/static/packages/mystique/p1/page_container.bundle-ea449a2024678859de15.js, line 2: Error: Bad places response: OVER_QUERY_LIMIT
JavaScript error: https://a1.muscache.com/airbnb/static/packages/mystique/p1/page_container.bundle-ea449a2024678859de15.js, line 2: Error: Bad places response: OVER_QUERY_LIMIT
JavaScript error: https://a1.muscache.com/airbnb/static/packages/mystique/p1/page_container.bundle-ea449a2024678859de15.js, line 2: Error: Bad places response: OVER_QUERY_LIMIT
JavaScript error: https://a1.muscache.com/airbnb/static/packages/mystique/p1/page_container.bundle-ea449a2024678859de15.js, line 2: Error: Bad places response: OVER_QUERY_LIMIT
JavaScript error: https://a1.muscache.com/airbnb/static/packages/mystique/p1/page_container.bundle-ea449a2024678859de15.js, line 2: Error: Bad places response: OVER_QUERY_LIMIT
JavaScript error: https://a1.muscache.com/airbnb/static/packages/mystique/p1/page_container.bundle-ea449a2024678859de15.js, line 2: Error: Bad places response: OVER_QUERY_LIMIT
JavaScript error: https://a1.muscache.com/airbnb/static/packages/mystique/p1/page_container.bundle-ea449a2024678859de15.js, line 2: Error: Bad places response: OVER_QUERY_LIMIT
JavaScript error: https://a1.muscache.com/airbnb/static/packages/mystique/p1/page_container.bundle-ea449a2024678859de15.js, line 2: Error: Bad places response: OVER_QUERY_LIMIT
JavaScript error: https://a1.muscache.com/airbnb/static/packages/mystique/p1/page_container.bundle-ea449a2024678859de15.js, line 2: Error: Bad places response: OVER_QUERY_LIMIT
JavaScript error: https://a1.muscache.com/airbnb/static/packages/mystique/p1/page_container.bundle-ea449a2024678859de15.js, line 2: Error: Bad places response: OVER_QUERY_LIMIT
JavaScript error: https://a1.muscache.com/airbnb/static/packages/mystique/p1/page_container.bundle-ea449a2024678859de15.js, line 2: Error: Bad places response: OVER_QUERY_LIMIT
JavaScript error: https://a1.muscache.com/airbnb/static/packages/mystique/p1/page_container.bundle-ea449a2024678859de15.js, line 2: Error: Bad places response: OVER_QUERY_LIMIT
JavaScript error: https://a1.muscache.com/airbnb/static/packages/mystique/p1/page_container.bundle-ea449a2024678859de15.js, line 2: Error: Bad places response: OVER_QUERY_LIMIT
JavaScript error: https://a1.muscache.com/airbnb/static/packages/mystique/p1/page_container.bundle-ea449a2024678859de15.js, line 2: Error: Bad places response: OVER_QUERY_LIMIT
1484333498684	geckodriver	INFO	Listening on 127.0.0.1:50926
1484333500695	mozprofile::profile	INFO	Using profile path C:\Users\Nikhil\AppData\Local\Temp\rust_mozprofile.l53Bly2MSkNk
1484333500702	geckodriver::marionette	INFO	Starting browser C:\Program Files (x86)\Mozilla Firefox\Firefox.exe
1484333500767	geckodriver::marionette	INFO	Connecting to Marionette on localhost:50932
1484333504104	Marionette	INFO	Listening on port 50932
JavaScript error: https://a1.muscache.com/airbnb/static/packages/mystique/p1/page_container.bundle-ea449a2024678859de15.js, line 2: Error: Bad places response: OVER_QUERY_LIMIT
JavaScript error: https://a1.muscache.com/airbnb/static/packages/mystique/p1/page_container.bundle-ea449a2024678859de15.js, line 2: Error: Bad places response: OVER_QUERY_LIMIT
JavaScript error: https://a1.muscache.com/airbnb/static/packages/mystique/p1/page_container.bundle-ea449a2024678859de15.js, line 2: Error: Bad places response: OVER_QUERY_LIMIT
JavaScript error: https://a1.muscache.com/airbnb/static/packages/mystique/p1/page_container.bundle-ea449a2024678859de15.js, line 2: Error: Bad places response: OVER_QUERY_LIMIT
JavaScript error: https://a1.muscache.com/airbnb/static/packages/mystique/p1/page_container.bundle-ea449a2024678859de15.js, line 2: Error: Bad places response: OVER_QUERY_LIMIT
JavaScript error: https://a1.muscache.com/airbnb/static/packages/mystique/p1/page_container.bundle-ea449a2024678859de15.js, line 2: Error: Bad places response: OVER_QUERY_LIMIT
JavaScript error: https://a1.muscache.com/airbnb/static/packages/mystique/p1/page_container.bundle-ea449a2024678859de15.js, line 2: Error: Bad places response: OVER_QUERY_LIMIT
JavaScript error: https://a1.muscache.com/airbnb/static/packages/mystique/p1/page_container.bundle-ea449a2024678859de15.js, line 2: Error: Bad places response: OVER_QUERY_LIMIT
JavaScript error: https://a1.muscache.com/airbnb/static/packages/mystique/p1/page_container.bundle-ea449a2024678859de15.js, line 2: Error: Bad places response: OVER_QUERY_LIMIT
JavaScript error: https://a1.muscache.com/airbnb/static/packages/mystique/p1/page_container.bundle-ea449a2024678859de15.js, line 2: Error: Bad places response: OVER_QUERY_LIMIT
JavaScript error: https://a1.muscache.com/airbnb/static/packages/mystique/p1/page_container.bundle-ea449a2024678859de15.js, line 2: Error: Bad places response: OVER_QUERY_LIMIT
JavaScript error: https://a1.muscache.com/airbnb/static/packages/mystique/p1/page_container.bundle-ea449a2024678859de15.js, line 2: Error: Bad places response: OVER_QUERY_LIMIT
JavaScript error: https://a1.muscache.com/airbnb/static/packages/mystique/p1/page_container.bundle-ea449a2024678859de15.js, line 2: Error: Bad places response: OVER_QUERY_LIMIT
JavaScript error: https://a1.muscache.com/airbnb/static/packages/mystique/p1/page_container.bundle-ea449a2024678859de15.js, line 2: Error: Bad places response: OVER_QUERY_LIMIT
JavaScript error: https://a1.muscache.com/airbnb/static/packages/mystique/p1/page_container.bundle-ea449a2024678859de15.js, line 2: Error: Bad places response: OVER_QUERY_LIMIT
[Child 17284] WARNING: pipe error: 109: file c:/builds/moz2_slave/m-rel-w32-00000000000000000000/build/src/ipc/chromium/src/chrome/common/ipc_channel_win.cc, line 346
[Child 17284] WARNING: pipe error: 109: file c:/builds/moz2_slave/m-rel-w32-00000000000000000000/build/src/ipc/chromium/src/chrome/common/ipc_channel_win.cc, line 346
